Log file open, 01/29/20 16:37:45
LogWindows: Failed to load 'aqProf.dll' (GetLastError=126)
LogWindows: File 'aqProf.dll' does not exist
LogWindows: Failed to load 'VtuneApi.dll' (GetLastError=126)
LogWindows: File 'VtuneApi.dll' does not exist
LogWindows: Failed to load 'VtuneApi32e.dll' (GetLastError=126)
LogWindows: File 'VtuneApi32e.dll' does not exist
LogConsoleResponse: Display: Failed to find resolution value strings in scalability ini. Falling back to default.
LogInit: Display: Running engine for game: P1
LogPlatformFile: Not using cached read wrapper
LogTaskGraph: Started task graph with 5 named threads and 35 total threads with 3 sets of task threads.
LogStats: Stats thread started at 0.418384
LogD3D11RHI: Loaded GFSDK_Aftermath_Lib.x64.dll
LogICUInternationalization: ICU TimeZone Detection - Raw Offset: +1:00, Platform Override: ''
LogPluginManager: Mounting plugin Paper2D
LogPluginManager: Mounting plugin AISupport
LogPluginManager: Mounting plugin LightPropagationVolume
LogPluginManager: Mounting plugin ActorLayerUtilities
LogPluginManager: Mounting plugin AnimationSharing
LogPluginManager: Mounting plugin CLionSourceCodeAccess
LogPluginManager: Mounting plugin CodeLiteSourceCodeAccess
LogPluginManager: Mounting plugin GitSourceControl
LogPluginManager: Mounting plugin KDevelopSourceCodeAccess
LogPluginManager: Mounting plugin NullSourceCodeAccess
LogPluginManager: Mounting plugin PerforceSourceControl
LogPluginManager: Mounting plugin PlasticSourceControl
LogPluginManager: Mounting plugin SubversionSourceControl
LogPluginManager: Mounting plugin UObjectPlugin
LogPluginManager: Mounting plugin VisualStudioCodeSourceCodeAccess
LogPluginManager: Mounting plugin VisualStudioSourceCodeAccess
LogPluginManager: Mounting plugin XCodeSourceCodeAccess
LogPluginManager: Mounting plugin AssetManagerEditor
LogPluginManager: Mounting plugin CryptoKeys
LogPluginManager: Mounting plugin CurveEditorTools
LogPluginManager: Mounting plugin DataValidation
LogPluginManager: Mounting plugin FacialAnimation
LogPluginManager: Mounting plugin GameplayTagsEditor
LogPluginManager: Mounting plugin MacGraphicsSwitching
LogPluginManager: Mounting plugin MaterialAnalyzer
LogPluginManager: Mounting plugin MobileLauncherProfileWizard
LogPluginManager: Mounting plugin PluginBrowser
LogPluginManager: Mounting plugin SpeedTreeImporter
LogPluginManager: Mounting plugin DatasmithContent
LogPluginManager: Mounting plugin VariantManagerContent
LogPluginManager: Mounting plugin AlembicImporter
LogPluginManager: Mounting plugin AutomationUtils
LogPluginManager: Mounting plugin BackChannel
LogPluginManager: Mounting plugin CharacterAI
LogPluginManager: Mounting plugin GeometryCache
LogPluginManager: Mounting plugin PlatformCrypto
LogPluginManager: Mounting plugin ProxyLODPlugin
LogPluginManager: Mounting plugin SkeletalReduction
LogPluginManager: Mounting plugin MagicLeap
LogPluginManager: Mounting plugin MagicLeapMedia
LogPluginManager: Mounting plugin MLSDK
LogPluginManager: Mounting plugin AndroidMedia
LogPluginManager: Mounting plugin AvfMedia
LogPluginManager: Mounting plugin ImgMedia
LogPluginManager: Mounting plugin MediaCompositing
LogPluginManager: Mounting plugin MediaPlayerEditor
LogPluginManager: Mounting plugin WebMMedia
LogPluginManager: Mounting plugin WmfMedia
LogPluginManager: Mounting plugin TcpMessaging
LogPluginManager: Mounting plugin UdpMessaging
LogPluginManager: Mounting plugin ActorSequence
LogPluginManager: Mounting plugin LevelSequenceEditor
LogPluginManager: Mounting plugin MatineeToLevelSequence
LogPluginManager: Mounting plugin NetcodeUnitTest
LogPluginManager: Mounting plugin NUTUnrealEngine4
LogPluginManager: Mounting plugin OnlineSubsystemGooglePlay
LogPluginManager: Mounting plugin OnlineSubsystemIOS
LogPluginManager: Mounting plugin OnlineSubsystem
LogPluginManager: Mounting plugin OnlineSubsystemNull
LogPluginManager: Mounting plugin OnlineSubsystemUtils
LogPluginManager: Mounting plugin LauncherChunkInstaller
LogPluginManager: Mounting plugin AndroidDeviceProfileSelector
LogPluginManager: Mounting plugin AndroidMoviePlayer
LogPluginManager: Mounting plugin AndroidPermission
LogPluginManager: Mounting plugin AppleImageUtils
LogPluginManager: Mounting plugin AppleMoviePlayer
LogPluginManager: Mounting plugin ArchVisCharacter
LogPluginManager: Mounting plugin AssetTags
LogPluginManager: Mounting plugin AudioCapture
LogPluginManager: Mounting plugin CableComponent
LogPluginManager: Mounting plugin CustomMeshComponent
LogPluginManager: Mounting plugin EditableMesh
LogPluginManager: Mounting plugin ExampleDeviceProfileSelector
LogPluginManager: Mounting plugin GoogleCloudMessaging
LogPluginManager: Mounting plugin IOSDeviceProfileSelector
LogPluginManager: Mounting plugin LinuxDeviceProfileSelector
LogPluginManager: Mounting plugin LocationServicesBPLibrary
LogPluginManager: Mounting plugin MobilePatchingUtils
LogPluginManager: Mounting plugin OculusVR
LogPluginManager: Mounting plugin PhysXVehicles
LogPluginManager: Mounting plugin PostSplashScreen
LogPluginManager: Mounting plugin ProceduralMeshComponent
LogPluginManager: Mounting plugin RuntimePhysXCooking
LogPluginManager: Mounting plugin SignificanceManager
LogPluginManager: Mounting plugin SteamVR
LogPluginManager: Mounting plugin WebMMoviePlayer
LogPluginManager: Mounting plugin WindowsMoviePlayer
LogPluginManager: Mounting plugin ScreenshotTools
LogInit: Using libcurl 7.55.1-DEV
LogInit:  - built for x86_64-pc-win32
LogInit:  - supports SSL with OpenSSL/1.1.1
LogInit:  - supports HTTP deflate (compression) using libz 1.2.8
LogInit:  - other features:
LogInit:      CURL_VERSION_SSL
LogInit:      CURL_VERSION_LIBZ
LogInit:      CURL_VERSION_IPV6
LogInit:      CURL_VERSION_ASYNCHDNS
LogInit:      CURL_VERSION_LARGEFILE
LogInit:      CURL_VERSION_IDN
LogInit:  CurlRequestOptions (configurable via config and command line):
LogInit:  - bVerifyPeer = true  - Libcurl will verify peer certificate
LogInit:  - bUseHttpProxy = false  - Libcurl will NOT use HTTP proxy
LogInit:  - bDontReuseConnections = false  - Libcurl will reuse connections
LogInit:  - MaxHostConnections = 16  - Libcurl will limit the number of connections to a host
LogInit:  - LocalHostAddr = Default
LogInit:  - BufferSize = 65536
LogOnline: OSS: Creating online subsystem instance for: NULL
LogInit: WinSock: version 1.1 (2.2), MaxSocks=32767, MaxUdp=65467
LogOnline: OSS: TryLoadSubsystemAndSetDefault: Loaded subsystem for module [NULL]
LogInit: Build: ++UE4+Release-4.24-CL-10757647
LogInit: Engine Version: 4.24.1-10757647+++UE4+Release-4.24
LogInit: Compatible Engine Version: 4.24.0-10570792+++UE4+Release-4.24
LogInit: Net CL: 10570792
LogInit: OS: Windows 10 (Release 1903) (), CPU: Intel(R) Core(TM) i7-8750H CPU @ 2.20GHz, GPU: NVIDIA GeForce GTX 1060
LogInit: Compiled (64-bit): Dec 17 2019 02:08:03
LogInit: Compiled with Visual C++: 19.16.27032.01
LogInit: Build Configuration: Development
LogInit: Branch Name: ++UE4+Release-4.24
LogInit: Command Line: 
LogInit: Base Directory: C:/Program Files/Epic Games/UE_4.24/Engine/Binaries/Win64/
LogInit: Installed Engine Build: 1
LogDevObjectVersion: Number of dev versions registered: 25
LogDevObjectVersion:   Dev-Blueprints (B0D832E4-1F89-4F0D-ACCF-7EB736FD4AA2): 10
LogDevObjectVersion:   Dev-Build (E1C64328-A22C-4D53-A36C-8E866417BD8C): 0
LogDevObjectVersion:   Dev-Core (375EC13C-06E4-48FB-B500-84F0262A717E): 3
LogDevObjectVersion:   Dev-Editor (E4B068ED-F494-42E9-A231-DA0B2E46BB41): 37
LogDevObjectVersion:   Dev-Framework (CFFC743F-43B0-4480-9391-14DF171D2073): 36
LogDevObjectVersion:   Dev-Mobile (B02B49B5-BB20-44E9-A304-32B752E40360): 2
LogDevObjectVersion:   Dev-Networking (A4E4105C-59A1-49B5-A7C5-40C4547EDFEE): 0
LogDevObjectVersion:   Dev-Online (39C831C9-5AE6-47DC-9A44-9C173E1C8E7C): 0
LogDevObjectVersion:   Dev-Physics (78F01B33-EBEA-4F98-B9B4-84EACCB95AA2): 2
LogDevObjectVersion:   Dev-Platform (6631380F-2D4D-43E0-8009-CF276956A95A): 0
LogDevObjectVersion:   Dev-Rendering (12F88B9F-8875-4AFC-A67C-D90C383ABD29): 36
LogDevObjectVersion:   Dev-Sequencer (7B5AE74C-D270-4C10-A958-57980B212A5A): 11
LogDevObjectVersion:   Dev-VR (D7296918-1DD6-4BDD-9DE2-64A83CC13884): 2
LogDevObjectVersion:   Dev-LoadTimes (C2A15278-BFE7-4AFE-6C17-90FF531DF755): 1
LogDevObjectVersion:   Private-Geometry (6EACA3D4-40EC-4CC1-B786-8BED09428FC5): 3
LogDevObjectVersion:   Dev-AnimPhys (29E575DD-E0A3-4627-9D10-D276232CDCEA): 17
LogDevObjectVersion:   Dev-Anim (AF43A65D-7FD3-4947-9873-3E8ED9C1BB05): 2
LogDevObjectVersion:   Dev-ReflectionCapture (6B266CEC-1EC7-4B8F-A30B-E4D90942FC07): 1
LogDevObjectVersion:   Dev-Automation (0DF73D61-A23F-47EA-B727-89E90C41499A): 1
LogDevObjectVersion:   FortniteMain (601D1886-AC64-4F84-AA16-D3DE0DEAC7D6): 31
LogDevObjectVersion:   Dev-Enterprise (9DFFBCD6-494F-0158-E221-12823C92A888): 8
LogDevObjectVersion:   Dev-Niagara (F2AED0AC-9AFE-416F-8664-AA7FFA26D6FC): 1
LogDevObjectVersion:   Dev-Destruction (174F1F0B-B4C6-45A5-B13F-2EE8D0FB917D): 9
LogDevObjectVersion:   Dev-Physics-Ext (35F94A83-E258-406C-A318-09F59610247C): 8
LogDevObjectVersion:   Dev-CineCamera (B2E18506-4273-CFC2-A54E-F4BB758BBA07): 1
LogInit: Presizing for max 25165824 objects, including 0 objects not considered by GC, pre-allocating 0 bytes for permanent pool.
LogInit: Object subsystem initialized
LogConfig: Setting CVar [[con.DebugEarlyDefault:1]]
LogConfig: Setting CVar [[r.setres:1280x720]]
[2020.01.29-15.37.47:055][  0]LogConfig: Setting CVar [[r.VSync:0]]
[2020.01.29-15.37.47:055][  0]LogConfig: Setting CVar [[r.RHICmdBypass:0]]
[2020.01.29-15.37.47:055][  0]LogConfig: Applying CVar settings from Section [/Script/Engine.RendererSettings] File [D:/MOTORS DE JOC_PRAC1/MotorsDeJoc_Prac1/P1/Saved/Config/Windows/Engine.ini]
[2020.01.29-15.37.47:055][  0]LogConfig: Setting CVar [[r.GPUCrashDebugging:0]]
[2020.01.29-15.37.47:055][  0]LogConfig: Applying CVar settings from Section [/Script/Engine.RendererOverrideSettings] File [D:/MOTORS DE JOC_PRAC1/MotorsDeJoc_Prac1/P1/Saved/Config/Windows/Engine.ini]
[2020.01.29-15.37.47:055][  0]LogConfig: Applying CVar settings from Section [/Script/Engine.StreamingSettings] File [D:/MOTORS DE JOC_PRAC1/MotorsDeJoc_Prac1/P1/Saved/Config/Windows/Engine.ini]
[2020.01.29-15.37.47:055][  0]LogConfig: Setting CVar [[s.MinBulkDataSizeForAsyncLoading:131072]]
[2020.01.29-15.37.47:055][  0]LogConfig: Setting CVar [[s.AsyncLoadingThreadEnabled:0]]
[2020.01.29-15.37.47:055][  0]LogConfig: Setting CVar [[s.EventDrivenLoaderEnabled:1]]
[2020.01.29-15.37.47:055][  0]LogConfig: Setting CVar [[s.WarnIfTimeLimitExceeded:0]]
[2020.01.29-15.37.47:055][  0]LogConfig: Setting CVar [[s.TimeLimitExceededMultiplier:1.5]]
[2020.01.29-15.37.47:055][  0]LogConfig: Setting CVar [[s.TimeLimitExceededMinTime:0.005]]
[2020.01.29-15.37.47:055][  0]LogConfig: Setting CVar [[s.UseBackgroundLevelStreaming:1]]
[2020.01.29-15.37.47:056][  0]LogConfig: Setting CVar [[s.PriorityAsyncLoadingExtraTime:15.0]]
[2020.01.29-15.37.47:056][  0]LogConfig: Setting CVar [[s.LevelStreamingActorsUpdateTimeLimit:5.0]]
[2020.01.29-15.37.47:056][  0]LogConfig: Setting CVar [[s.PriorityLevelStreamingActorsUpdateExtraTime:5.0]]
[2020.01.29-15.37.47:056][  0]LogConfig: Setting CVar [[s.LevelStreamingComponentsRegistrationGranularity:10]]
[2020.01.29-15.37.47:056][  0]LogConfig: Setting CVar [[s.UnregisterComponentsTimeLimit:1.0]]
[2020.01.29-15.37.47:056][  0]LogConfig: Setting CVar [[s.LevelStreamingComponentsUnregistrationGranularity:5]]
[2020.01.29-15.37.47:056][  0]LogConfig: Setting CVar [[s.FlushStreamingOnExit:1]]
[2020.01.29-15.37.47:056][  0]LogConfig: Applying CVar settings from Section [/Script/Engine.GarbageCollectionSettings] File [D:/MOTORS DE JOC_PRAC1/MotorsDeJoc_Prac1/P1/Saved/Config/Windows/Engine.ini]
[2020.01.29-15.37.47:056][  0]LogConfig: Setting CVar [[gc.MaxObjectsNotConsideredByGC:1]]
[2020.01.29-15.37.47:056][  0]LogConfig: Setting CVar [[gc.SizeOfPermanentObjectPool:0]]
[2020.01.29-15.37.47:056][  0]LogConfig: Setting CVar [[gc.FlushStreamingOnGC:0]]
[2020.01.29-15.37.47:056][  0]LogConfig: Setting CVar [[gc.NumRetriesBeforeForcingGC:10]]
[2020.01.29-15.37.47:056][  0]LogConfig: Setting CVar [[gc.AllowParallelGC:1]]
[2020.01.29-15.37.47:056][  0]LogConfig: Setting CVar [[gc.TimeBetweenPurgingPendingKillObjects:61.1]]
[2020.01.29-15.37.47:056][  0]LogConfig: Setting CVar [[gc.MaxObjectsInEditor:25165824]]
[2020.01.29-15.37.47:056][  0]LogConfig: Setting CVar [[gc.IncrementalBeginDestroyEnabled:1]]
[2020.01.29-15.37.47:056][  0]LogConfig: Setting CVar [[gc.CreateGCClusters:1]]
[2020.01.29-15.37.47:056][  0]LogConfig: Setting CVar [[gc.MinGCClusterSize:5]]
[2020.01.29-15.37.47:056][  0]LogConfig: Setting CVar [[gc.ActorClusteringEnabled:0]]
[2020.01.29-15.37.47:056][  0]LogConfig: Setting CVar [[gc.BlueprintClusteringEnabled:0]]
[2020.01.29-15.37.47:056][  0]LogConfig: Setting CVar [[gc.UseDisregardForGCOnDedicatedServers:0]]
[2020.01.29-15.37.47:056][  0]LogConfig: Applying CVar settings from Section [/Script/Engine.NetworkSettings] File [D:/MOTORS DE JOC_PRAC1/MotorsDeJoc_Prac1/P1/Saved/Config/Windows/Engine.ini]
[2020.01.29-15.37.47:056][  0]LogConfig: Applying CVar settings from Section [/Script/UnrealEd.CookerSettings] File [D:/MOTORS DE JOC_PRAC1/MotorsDeJoc_Prac1/P1/Saved/Config/Windows/Engine.ini]
[2020.01.29-15.37.47:060][  0]LogConfig: Applying CVar settings from Section [ViewDistanceQuality@3] File [D:/MOTORS DE JOC_PRAC1/MotorsDeJoc_Prac1/P1/Saved/Config/Windows/Scalability.ini]
[2020.01.29-15.37.47:060][  0]LogConfig: Setting CVar [[r.SkeletalMeshLODBias:0]]
[2020.01.29-15.37.47:060][  0]LogConfig: Setting CVar [[r.ViewDistanceScale:1.0]]
[2020.01.29-15.37.47:060][  0]LogConfig: Applying CVar settings from Section [AntiAliasingQuality@3] File [D:/MOTORS DE JOC_PRAC1/MotorsDeJoc_Prac1/P1/Saved/Config/Windows/Scalability.ini]
[2020.01.29-15.37.47:060][  0]LogConfig: Setting CVar [[r.PostProcessAAQuality:4]]
[2020.01.29-15.37.47:060][  0]LogConfig: Applying CVar settings from Section [ShadowQuality@3] File [D:/MOTORS DE JOC_PRAC1/MotorsDeJoc_Prac1/P1/Saved/Config/Windows/Scalability.ini]
[2020.01.29-15.37.47:060][  0]LogConfig: Setting CVar [[r.LightFunctionQuality:1]]
[2020.01.29-15.37.47:060][  0]LogConfig: Setting CVar [[r.ShadowQuality:5]]
[2020.01.29-15.37.47:060][  0]LogConfig: Setting CVar [[r.Shadow.CSM.MaxCascades:10]]
[2020.01.29-15.37.47:060][  0]LogConfig: Setting CVar [[r.Shadow.MaxResolution:2048]]
[2020.01.29-15.37.47:060][  0]LogConfig: Setting CVar [[r.Shadow.MaxCSMResolution:2048]]
[2020.01.29-15.37.47:060][  0]LogConfig: Setting CVar [[r.Shadow.RadiusThreshold:0.01]]
[2020.01.29-15.37.47:060][  0]LogConfig: Setting CVar [[r.Shadow.DistanceScale:1.0]]
[2020.01.29-15.37.47:060][  0]LogConfig: Setting CVar [[r.Shadow.CSM.TransitionScale:1.0]]
[2020.01.29-15.37.47:060][  0]LogConfig: Setting CVar [[r.Shadow.PreShadowResolutionFactor:1.0]]
[2020.01.29-15.37.47:060][  0]LogConfig: Setting CVar [[r.DistanceFieldShadowing:1]]
[2020.01.29-15.37.47:060][  0]LogConfig: Setting CVar [[r.DistanceFieldAO:1]]
[2020.01.29-15.37.47:060][  0]LogConfig: Setting CVar [[r.AOQuality:2]]
[2020.01.29-15.37.47:060][  0]LogConfig: Setting CVar [[r.VolumetricFog:1]]
[2020.01.29-15.37.47:060][  0]LogConfig: Setting CVar [[r.VolumetricFog.GridPixelSize:8]]
[2020.01.29-15.37.47:060][  0]LogConfig: Setting CVar [[r.VolumetricFog.GridSizeZ:128]]
[2020.01.29-15.37.47:060][  0]LogConfig: Setting CVar [[r.VolumetricFog.HistoryMissSupersampleCount:4]]
[2020.01.29-15.37.47:060][  0]LogConfig: Setting CVar [[r.LightMaxDrawDistanceScale:1]]
[2020.01.29-15.37.47:060][  0]LogConfig: Setting CVar [[r.CapsuleShadows:1]]
[2020.01.29-15.37.47:060][  0]LogConfig: Applying CVar settings from Section [PostProcessQuality@3] File [D:/MOTORS DE JOC_PRAC1/MotorsDeJoc_Prac1/P1/Saved/Config/Windows/Scalability.ini]
[2020.01.29-15.37.47:060][  0]LogConfig: Setting CVar [[r.MotionBlurQuality:4]]
[2020.01.29-15.37.47:060][  0]LogConfig: Setting CVar [[r.AmbientOcclusionMipLevelFactor:0.4]]
[2020.01.29-15.37.47:060][  0]LogConfig: Setting CVar [[r.AmbientOcclusionMaxQuality:100]]
[2020.01.29-15.37.47:060][  0]LogConfig: Setting CVar [[r.AmbientOcclusionLevels:-1]]
[2020.01.29-15.37.47:060][  0]LogConfig: Setting CVar [[r.AmbientOcclusionRadiusScale:1.0]]
[2020.01.29-15.37.47:060][  0]LogConfig: Setting CVar [[r.DepthOfFieldQuality:2]]
[2020.01.29-15.37.47:060][  0]LogConfig: Setting CVar [[r.RenderTargetPoolMin:400]]
[2020.01.29-15.37.47:060][  0]LogConfig: Setting CVar [[r.LensFlareQuality:2]]
[2020.01.29-15.37.47:060][  0]LogConfig: Setting CVar [[r.SceneColorFringeQuality:1]]
[2020.01.29-15.37.47:060][  0]LogConfig: Setting CVar [[r.EyeAdaptationQuality:2]]
[2020.01.29-15.37.47:060][  0]LogConfig: Setting CVar [[r.BloomQuality:5]]
[2020.01.29-15.37.47:060][  0]LogConfig: Setting CVar [[r.FastBlurThreshold:100]]
[2020.01.29-15.37.47:060][  0]LogConfig: Setting CVar [[r.Upscale.Quality:3]]
[2020.01.29-15.37.47:060][  0]LogConfig: Setting CVar [[r.Tonemapper.GrainQuantization:1]]
[2020.01.29-15.37.47:060][  0]LogConfig: Setting CVar [[r.LightShaftQuality:1]]
[2020.01.29-15.37.47:060][  0]LogConfig: Setting CVar [[r.Filter.SizeScale:1]]
[2020.01.29-15.37.47:060][  0]LogConfig: Setting CVar [[r.Tonemapper.Quality:5]]
[2020.01.29-15.37.47:060][  0]LogConfig: Setting CVar [[r.DOF.Gather.AccumulatorQuality:1        ; higher gathering accumulator quality]]
[2020.01.29-15.37.47:060][  0]LogConfig: Setting CVar [[r.DOF.Gather.PostfilterMethod:1          ; Median3x3 postfilering method]]
[2020.01.29-15.37.47:060][  0]LogConfig: Setting CVar [[r.DOF.Gather.EnableBokehSettings:0       ; no bokeh simulation when gathering]]
[2020.01.29-15.37.47:060][  0]LogConfig: Setting CVar [[r.DOF.Gather.RingCount:4                 ; medium number of samples when gathering]]
[2020.01.29-15.37.47:060][  0]LogConfig: Setting CVar [[r.DOF.Scatter.ForegroundCompositing:1    ; additive foreground scattering]]
[2020.01.29-15.37.47:060][  0]LogConfig: Setting CVar [[r.DOF.Scatter.BackgroundCompositing:2    ; additive background scattering]]
[2020.01.29-15.37.47:060][  0]LogConfig: Setting CVar [[r.DOF.Scatter.EnableBokehSettings:1      ; bokeh simulation when scattering]]
[2020.01.29-15.37.47:061][  0]LogConfig: Setting CVar [[r.DOF.Scatter.MaxSpriteRatio:0.1         ; only a maximum of 10% of scattered bokeh]]
[2020.01.29-15.37.47:061][  0]LogConfig: Setting CVar [[r.DOF.Recombine.Quality:1                ; cheap slight out of focus]]
[2020.01.29-15.37.47:061][  0]LogConfig: Setting CVar [[r.DOF.Recombine.EnableBokehSettings:0    ; no bokeh simulation on slight out of focus]]
[2020.01.29-15.37.47:061][  0]LogConfig: Setting CVar [[r.DOF.TemporalAAQuality:1                ; more stable temporal accumulation]]
[2020.01.29-15.37.47:061][  0]LogConfig: Setting CVar [[r.DOF.Kernel.MaxForegroundRadius:0.025]]
[2020.01.29-15.37.47:061][  0]LogConfig: Setting CVar [[r.DOF.Kernel.MaxBackgroundRadius:0.025]]
[2020.01.29-15.37.47:061][  0]LogConfig: Applying CVar settings from Section [TextureQuality@3] File [D:/MOTORS DE JOC_PRAC1/MotorsDeJoc_Prac1/P1/Saved/Config/Windows/Scalability.ini]
[2020.01.29-15.37.47:061][  0]LogConfig: Setting CVar [[r.Streaming.MipBias:0]]
[2020.01.29-15.37.47:061][  0]LogConfig: Setting CVar [[r.Streaming.AmortizeCPUToGPUCopy:0]]
[2020.01.29-15.37.47:061][  0]LogConfig: Setting CVar [[r.Streaming.MaxNumTexturesToStreamPerFrame:0]]
[2020.01.29-15.37.47:061][  0]LogConfig: Setting CVar [[r.Streaming.Boost:1]]
[2020.01.29-15.37.47:061][  0]LogConfig: Setting CVar [[r.MaxAnisotropy:8]]
[2020.01.29-15.37.47:061][  0]LogConfig: Setting CVar [[r.VT.MaxAnisotropy:8]]
[2020.01.29-15.37.47:061][  0]LogConfig: Setting CVar [[r.Streaming.LimitPoolSizeToVRAM:0]]
[2020.01.29-15.37.47:061][  0]LogConfig: Setting CVar [[r.Streaming.PoolSize:1000]]
[2020.01.29-15.37.47:061][  0]LogConfig: Setting CVar [[r.Streaming.MaxEffectiveScreenSize:0]]
[2020.01.29-15.37.47:061][  0]LogConfig: Applying CVar settings from Section [EffectsQuality@3] File [D:/MOTORS DE JOC_PRAC1/MotorsDeJoc_Prac1/P1/Saved/Config/Windows/Scalability.ini]
[2020.01.29-15.37.47:061][  0]LogConfig: Setting CVar [[r.TranslucencyLightingVolumeDim:64]]
[2020.01.29-15.37.47:061][  0]LogConfig: Setting CVar [[r.RefractionQuality:2]]
[2020.01.29-15.37.47:061][  0]LogConfig: Setting CVar [[r.SSR.Quality:3]]
[2020.01.29-15.37.47:061][  0]LogConfig: Setting CVar [[r.SSR.HalfResSceneColor:0]]
[2020.01.29-15.37.47:061][  0]LogConfig: Setting CVar [[r.SceneColorFormat:4]]
[2020.01.29-15.37.47:061][  0]LogConfig: Setting CVar [[r.DetailMode:2]]
[2020.01.29-15.37.47:061][  0]LogConfig: Setting CVar [[r.TranslucencyVolumeBlur:1]]
[2020.01.29-15.37.47:061][  0]LogConfig: Setting CVar [[r.MaterialQualityLevel:1 ; High quality]]
[2020.01.29-15.37.47:061][  0]LogConfig: Setting CVar [[r.SSS.Scale:1]]
[2020.01.29-15.37.47:061][  0]LogConfig: Setting CVar [[r.SSS.SampleSet:2]]
[2020.01.29-15.37.47:061][  0]LogConfig: Setting CVar [[r.SSS.Quality:1]]
[2020.01.29-15.37.47:061][  0]LogConfig: Setting CVar [[r.SSS.HalfRes:1]]
[2020.01.29-15.37.47:061][  0]LogConfig: Setting CVar [[r.SSGI.Quality:3]]
[2020.01.29-15.37.47:061][  0]LogConfig: Setting CVar [[r.EmitterSpawnRateScale:1.0]]
[2020.01.29-15.37.47:061][  0]LogConfig: Setting CVar [[r.ParticleLightQuality:2]]
[2020.01.29-15.37.47:061][  0]LogConfig: Setting CVar [[r.SkyAtmosphere.AerialPerspectiveLUT.FastApplyOnOpaque:1 ; Always have FastSkyLUT 1 in this case to avoid wrong sky]]
[2020.01.29-15.37.47:061][  0]LogConfig: Setting CVar [[r.SkyAtmosphere.AerialPerspectiveLUT.SampleCountPerSlice:1]]
[2020.01.29-15.37.47:061][  0]LogConfig: Setting CVar [[r.SkyAtmosphere.AerialPerspectiveLUT.DepthResolution:16.0]]
[2020.01.29-15.37.47:061][  0]LogConfig: Setting CVar [[r.SkyAtmosphere.FastSkyLUT:1]]
[2020.01.29-15.37.47:061][  0]LogConfig: Setting CVar [[r.SkyAtmosphere.FastSkyLUT.SampleCountMin:4.0]]
[2020.01.29-15.37.47:061][  0]LogConfig: Setting CVar [[r.SkyAtmosphere.FastSkyLUT.SampleCountMax:32.0]]
[2020.01.29-15.37.47:061][  0]LogConfig: Setting CVar [[r.SkyAtmosphere.SampleCountMin:4.0]]
[2020.01.29-15.37.47:061][  0]LogConfig: Setting CVar [[r.SkyAtmosphere.SampleCountMax:32.0]]
[2020.01.29-15.37.47:061][  0]LogConfig: Setting CVar [[r.SkyAtmosphere.TransmittanceLUT.UseSmallFormat:0]]
[2020.01.29-15.37.47:061][  0]LogConfig: Setting CVar [[r.SkyAtmosphere.TransmittanceLUT.SampleCount:10.0]]
[2020.01.29-15.37.47:061][  0]LogConfig: Setting CVar [[r.SkyAtmosphere.MultiScatteringLUT.SampleCount:15.0]]
[2020.01.29-15.37.47:061][  0]LogConfig: Applying CVar settings from Section [FoliageQuality@3] File [D:/MOTORS DE JOC_PRAC1/MotorsDeJoc_Prac1/P1/Saved/Config/Windows/Scalability.ini]
[2020.01.29-15.37.47:061][  0]LogConfig: Setting CVar [[foliage.DensityScale:1.0]]
[2020.01.29-15.37.47:061][  0]LogConfig: Setting CVar [[grass.DensityScale:1.0]]
[2020.01.29-15.37.47:061][  0]LogConfig: Applying CVar settings from Section [ShadingQuality@3] File [D:/MOTORS DE JOC_PRAC1/MotorsDeJoc_Prac1/P1/Saved/Config/Windows/Scalability.ini]
[2020.01.29-15.37.47:061][  0]LogConfig: Setting CVar [[r.HairStrands.SkyLighting.SampleCount:16]]
[2020.01.29-15.37.47:061][  0]LogConfig: Setting CVar [[r.HairStrands.SkyLighting.JitterIntegration:0]]
[2020.01.29-15.37.47:061][  0]LogConfig: Setting CVar [[r.HairStrands.SkyAO.SampleCount:16]]
[2020.01.29-15.37.47:061][  0]LogInit: Selected Device Profile: [Windows]
[2020.01.29-15.37.47:061][  0]LogInit: Applying CVar settings loaded from the selected device profile: [Windows]
[2020.01.29-15.37.47:075][  0]LogHAL: Display: Platform has ~ 16 GB [17052819456 / 17179869184 / 16], which maps to Larger [LargestMinGB=32, LargerMinGB=12, DefaultMinGB=8, SmallerMinGB=6, SmallestMinGB=0)
[2020.01.29-15.37.47:075][  0]LogInit: Going up to parent DeviceProfile []
[2020.01.29-15.37.47:075][  0]LogConfig: Applying CVar settings from Section [ViewDistanceQuality@3] File [D:/MOTORS DE JOC_PRAC1/MotorsDeJoc_Prac1/P1/Saved/Config/Windows/Scalability.ini]
[2020.01.29-15.37.47:075][  0]LogConfig: Setting CVar [[r.SkeletalMeshLODBias:0]]
[2020.01.29-15.37.47:075][  0]LogConfig: Setting CVar [[r.ViewDistanceScale:1.0]]
[2020.01.29-15.37.47:075][  0]LogConfig: Applying CVar settings from Section [AntiAliasingQuality@3] File [D:/MOTORS DE JOC_PRAC1/MotorsDeJoc_Prac1/P1/Saved/Config/Windows/Scalability.ini]
[2020.01.29-15.37.47:075][  0]LogConfig: Setting CVar [[r.PostProcessAAQuality:4]]
[2020.01.29-15.37.47:075][  0]LogConfig: Applying CVar settings from Section [ShadowQuality@3] File [D:/MOTORS DE JOC_PRAC1/MotorsDeJoc_Prac1/P1/Saved/Config/Windows/Scalability.ini]
[2020.01.29-15.37.47:075][  0]LogConfig: Setting CVar [[r.LightFunctionQuality:1]]
[2020.01.29-15.37.47:075][  0]LogConfig: Setting CVar [[r.ShadowQuality:5]]
[2020.01.29-15.37.47:075][  0]LogConfig: Setting CVar [[r.Shadow.CSM.MaxCascades:10]]
[2020.01.29-15.37.47:075][  0]LogConfig: Setting CVar [[r.Shadow.MaxResolution:2048]]
[2020.01.29-15.37.47:075][  0]LogConfig: Setting CVar [[r.Shadow.MaxCSMResolution:2048]]
[2020.01.29-15.37.47:075][  0]LogConfig: Setting CVar [[r.Shadow.RadiusThreshold:0.01]]
[2020.01.29-15.37.47:075][  0]LogConfig: Setting CVar [[r.Shadow.DistanceScale:1.0]]
[2020.01.29-15.37.47:075][  0]LogConfig: Setting CVar [[r.Shadow.CSM.TransitionScale:1.0]]
[2020.01.29-15.37.47:075][  0]LogConfig: Setting CVar [[r.Shadow.PreShadowResolutionFactor:1.0]]
[2020.01.29-15.37.47:075][  0]LogConfig: Setting CVar [[r.DistanceFieldShadowing:1]]
[2020.01.29-15.37.47:075][  0]LogConfig: Setting CVar [[r.DistanceFieldAO:1]]
[2020.01.29-15.37.47:075][  0]LogConfig: Setting CVar [[r.AOQuality:2]]
[2020.01.29-15.37.47:075][  0]LogConfig: Setting CVar [[r.VolumetricFog:1]]
[2020.01.29-15.37.47:075][  0]LogConfig: Setting CVar [[r.VolumetricFog.GridPixelSize:8]]
[2020.01.29-15.37.47:075][  0]LogConfig: Setting CVar [[r.VolumetricFog.GridSizeZ:128]]
[2020.01.29-15.37.47:075][  0]LogConfig: Setting CVar [[r.VolumetricFog.HistoryMissSupersampleCount:4]]
[2020.01.29-15.37.47:075][  0]LogConfig: Setting CVar [[r.LightMaxDrawDistanceScale:1]]
[2020.01.29-15.37.47:075][  0]LogConfig: Setting CVar [[r.CapsuleShadows:1]]
[2020.01.29-15.37.47:075][  0]LogConfig: Applying CVar settings from Section [PostProcessQuality@3] File [D:/MOTORS DE JOC_PRAC1/MotorsDeJoc_Prac1/P1/Saved/Config/Windows/Scalability.ini]
[2020.01.29-15.37.47:075][  0]LogConfig: Setting CVar [[r.MotionBlurQuality:4]]
[2020.01.29-15.37.47:075][  0]LogConfig: Setting CVar [[r.AmbientOcclusionMipLevelFactor:0.4]]
[2020.01.29-15.37.47:075][  0]LogConfig: Setting CVar [[r.AmbientOcclusionMaxQuality:100]]
[2020.01.29-15.37.47:075][  0]LogConfig: Setting CVar [[r.AmbientOcclusionLevels:-1]]
[2020.01.29-15.37.47:075][  0]LogConfig: Setting CVar [[r.AmbientOcclusionRadiusScale:1.0]]
[2020.01.29-15.37.47:075][  0]LogConfig: Setting CVar [[r.DepthOfFieldQuality:2]]
[2020.01.29-15.37.47:075][  0]LogConfig: Setting CVar [[r.RenderTargetPoolMin:400]]
[2020.01.29-15.37.47:075][  0]LogConfig: Setting CVar [[r.LensFlareQuality:2]]
[2020.01.29-15.37.47:075][  0]LogConfig: Setting CVar [[r.SceneColorFringeQuality:1]]
[2020.01.29-15.37.47:075][  0]LogConfig: Setting CVar [[r.EyeAdaptationQuality:2]]
[2020.01.29-15.37.47:075][  0]LogConfig: Setting CVar [[r.BloomQuality:5]]
[2020.01.29-15.37.47:075][  0]LogConfig: Setting CVar [[r.FastBlurThreshold:100]]
[2020.01.29-15.37.47:075][  0]LogConfig: Setting CVar [[r.Upscale.Quality:3]]
[2020.01.29-15.37.47:075][  0]LogConfig: Setting CVar [[r.Tonemapper.GrainQuantization:1]]
[2020.01.29-15.37.47:076][  0]LogConfig: Setting CVar [[r.LightShaftQuality:1]]
[2020.01.29-15.37.47:076][  0]LogConfig: Setting CVar [[r.Filter.SizeScale:1]]
[2020.01.29-15.37.47:076][  0]LogConfig: Setting CVar [[r.Tonemapper.Quality:5]]
[2020.01.29-15.37.47:076][  0]LogConfig: Setting CVar [[r.DOF.Gather.AccumulatorQuality:1        ; higher gathering accumulator quality]]
[2020.01.29-15.37.47:076][  0]LogConfig: Setting CVar [[r.DOF.Gather.PostfilterMethod:1          ; Median3x3 postfilering method]]
[2020.01.29-15.37.47:076][  0]LogConfig: Setting CVar [[r.DOF.Gather.EnableBokehSettings:0       ; no bokeh simulation when gathering]]
[2020.01.29-15.37.47:076][  0]LogConfig: Setting CVar [[r.DOF.Gather.RingCount:4                 ; medium number of samples when gathering]]
[2020.01.29-15.37.47:076][  0]LogConfig: Setting CVar [[r.DOF.Scatter.ForegroundCompositing:1    ; additive foreground scattering]]
[2020.01.29-15.37.47:076][  0]LogConfig: Setting CVar [[r.DOF.Scatter.BackgroundCompositing:2    ; additive background scattering]]
[2020.01.29-15.37.47:076][  0]LogConfig: Setting CVar [[r.DOF.Scatter.EnableBokehSettings:1      ; bokeh simulation when scattering]]
[2020.01.29-15.37.47:076][  0]LogConfig: Setting CVar [[r.DOF.Scatter.MaxSpriteRatio:0.1         ; only a maximum of 10% of scattered bokeh]]
[2020.01.29-15.37.47:076][  0]LogConfig: Setting CVar [[r.DOF.Recombine.Quality:1                ; cheap slight out of focus]]
[2020.01.29-15.37.47:076][  0]LogConfig: Setting CVar [[r.DOF.Recombine.EnableBokehSettings:0    ; no bokeh simulation on slight out of focus]]
[2020.01.29-15.37.47:076][  0]LogConfig: Setting CVar [[r.DOF.TemporalAAQuality:1                ; more stable temporal accumulation]]
[2020.01.29-15.37.47:076][  0]LogConfig: Setting CVar [[r.DOF.Kernel.MaxForegroundRadius:0.025]]
[2020.01.29-15.37.47:076][  0]LogConfig: Setting CVar [[r.DOF.Kernel.MaxBackgroundRadius:0.025]]
[2020.01.29-15.37.47:076][  0]LogConfig: Applying CVar settings from Section [TextureQuality@3] File [D:/MOTORS DE JOC_PRAC1/MotorsDeJoc_Prac1/P1/Saved/Config/Windows/Scalability.ini]
[2020.01.29-15.37.47:076][  0]LogConfig: Setting CVar [[r.Streaming.MipBias:0]]
[2020.01.29-15.37.47:076][  0]LogConfig: Setting CVar [[r.Streaming.AmortizeCPUToGPUCopy:0]]
[2020.01.29-15.37.47:076][  0]LogConfig: Setting CVar [[r.Streaming.MaxNumTexturesToStreamPerFrame:0]]
[2020.01.29-15.37.47:076][  0]LogConfig: Setting CVar [[r.Streaming.Boost:1]]
[2020.01.29-15.37.47:076][  0]LogConfig: Setting CVar [[r.MaxAnisotropy:8]]
[2020.01.29-15.37.47:076][  0]LogConfig: Setting CVar [[r.VT.MaxAnisotropy:8]]
[2020.01.29-15.37.47:076][  0]LogConfig: Setting CVar [[r.Streaming.LimitPoolSizeToVRAM:0]]
[2020.01.29-15.37.47:076][  0]LogConfig: Setting CVar [[r.Streaming.PoolSize:1000]]
[2020.01.29-15.37.47:076][  0]LogConfig: Setting CVar [[r.Streaming.MaxEffectiveScreenSize:0]]
[2020.01.29-15.37.47:076][  0]LogConfig: Applying CVar settings from Section [EffectsQuality@3] File [D:/MOTORS DE JOC_PRAC1/MotorsDeJoc_Prac1/P1/Saved/Config/Windows/Scalability.ini]
[2020.01.29-15.37.47:076][  0]LogConfig: Setting CVar [[r.TranslucencyLightingVolumeDim:64]]
[2020.01.29-15.37.47:076][  0]LogConfig: Setting CVar [[r.RefractionQuality:2]]
[2020.01.29-15.37.47:076][  0]LogConfig: Setting CVar [[r.SSR.Quality:3]]
[2020.01.29-15.37.47:076][  0]LogConfig: Setting CVar [[r.SSR.HalfResSceneColor:0]]
[2020.01.29-15.37.47:076][  0]LogConfig: Setting CVar [[r.SceneColorFormat:4]]
[2020.01.29-15.37.47:076][  0]LogConfig: Setting CVar [[r.DetailMode:2]]
[2020.01.29-15.37.47:076][  0]LogConfig: Setting CVar [[r.TranslucencyVolumeBlur:1]]
[2020.01.29-15.37.47:076][  0]LogConfig: Setting CVar [[r.MaterialQualityLevel:1 ; High quality]]
[2020.01.29-15.37.47:076][  0]LogConfig: Setting CVar [[r.SSS.Scale:1]]
[2020.01.29-15.37.47:076][  0]LogConfig: Setting CVar [[r.SSS.SampleSet:2]]
[2020.01.29-15.37.47:076][  0]LogConfig: Setting CVar [[r.SSS.Quality:1]]
[2020.01.29-15.37.47:076][  0]LogConfig: Setting CVar [[r.SSS.HalfRes:1]]
[2020.01.29-15.37.47:076][  0]LogConfig: Setting CVar [[r.SSGI.Quality:3]]
[2020.01.29-15.37.47:076][  0]LogConfig: Setting CVar [[r.EmitterSpawnRateScale:1.0]]
[2020.01.29-15.37.47:076][  0]LogConfig: Setting CVar [[r.ParticleLightQuality:2]]
[2020.01.29-15.37.47:076][  0]LogConfig: Setting CVar [[r.SkyAtmosphere.AerialPerspectiveLUT.FastApplyOnOpaque:1 ; Always have FastSkyLUT 1 in this case to avoid wrong sky]]
[2020.01.29-15.37.47:076][  0]LogConfig: Setting CVar [[r.SkyAtmosphere.AerialPerspectiveLUT.SampleCountPerSlice:1]]
[2020.01.29-15.37.47:076][  0]LogConfig: Setting CVar [[r.SkyAtmosphere.AerialPerspectiveLUT.DepthResolution:16.0]]
[2020.01.29-15.37.47:076][  0]LogConfig: Setting CVar [[r.SkyAtmosphere.FastSkyLUT:1]]
[2020.01.29-15.37.47:076][  0]LogConfig: Setting CVar [[r.SkyAtmosphere.FastSkyLUT.SampleCountMin:4.0]]
[2020.01.29-15.37.47:076][  0]LogConfig: Setting CVar [[r.SkyAtmosphere.FastSkyLUT.SampleCountMax:32.0]]
[2020.01.29-15.37.47:076][  0]LogConfig: Setting CVar [[r.SkyAtmosphere.SampleCountMin:4.0]]
[2020.01.29-15.37.47:076][  0]LogConfig: Setting CVar [[r.SkyAtmosphere.SampleCountMax:32.0]]
[2020.01.29-15.37.47:076][  0]LogConfig: Setting CVar [[r.SkyAtmosphere.TransmittanceLUT.UseSmallFormat:0]]
[2020.01.29-15.37.47:076][  0]LogConfig: Setting CVar [[r.SkyAtmosphere.TransmittanceLUT.SampleCount:10.0]]
[2020.01.29-15.37.47:076][  0]LogConfig: Setting CVar [[r.SkyAtmosphere.MultiScatteringLUT.SampleCount:15.0]]
[2020.01.29-15.37.47:076][  0]LogConfig: Applying CVar settings from Section [FoliageQuality@3] File [D:/MOTORS DE JOC_PRAC1/MotorsDeJoc_Prac1/P1/Saved/Config/Windows/Scalability.ini]
[2020.01.29-15.37.47:076][  0]LogConfig: Setting CVar [[foliage.DensityScale:1.0]]
[2020.01.29-15.37.47:076][  0]LogConfig: Setting CVar [[grass.DensityScale:1.0]]
[2020.01.29-15.37.47:076][  0]LogConfig: Applying CVar settings from Section [ShadingQuality@3] File [D:/MOTORS DE JOC_PRAC1/MotorsDeJoc_Prac1/P1/Saved/Config/Windows/Scalability.ini]
[2020.01.29-15.37.47:076][  0]LogConfig: Setting CVar [[r.HairStrands.SkyLighting.SampleCount:16]]
[2020.01.29-15.37.47:076][  0]LogConfig: Setting CVar [[r.HairStrands.SkyLighting.JitterIntegration:0]]
[2020.01.29-15.37.47:076][  0]LogConfig: Setting CVar [[r.HairStrands.SkyAO.SampleCount:16]]
[2020.01.29-15.37.47:076][  0]LogConfig: Applying CVar settings from Section [Startup] File [../../../Engine/Config/ConsoleVariables.ini]
[2020.01.29-15.37.47:077][  0]LogConfig: Setting CVar [[net.UseAdaptiveNetUpdateFrequency:0]]
[2020.01.29-15.37.47:077][  0]LogConfig: Setting CVar [[p.chaos.AllowCreatePhysxBodies:1]]
[2020.01.29-15.37.47:077][  0]LogConfig: Applying CVar settings from Section [ConsoleVariables] File [D:/MOTORS DE JOC_PRAC1/MotorsDeJoc_Prac1/P1/Saved/Config/Windows/Engine.ini]
[2020.01.29-15.37.47:078][  0]LogInit: Computer: HP-LAPTOP-GAMER
[2020.01.29-15.37.47:078][  0]LogInit: User: Gemma
[2020.01.29-15.37.47:078][  0]LogInit: CPU Page size=4096, Cores=6
[2020.01.29-15.37.47:078][  0]LogInit: High frequency timer resolution =10.000000 MHz
[2020.01.29-15.37.47:078][  0]LogMemory: Memory total: Physical=15.9GB (16GB approx)
[2020.01.29-15.37.47:078][  0]LogMemory: Platform Memory Stats for Windows
[2020.01.29-15.37.47:078][  0]LogMemory: Process Physical Memory: 105.90 MB used, 105.90 MB peak
[2020.01.29-15.37.47:078][  0]LogMemory: Process Virtual Memory: 101.25 MB used, 101.25 MB peak
[2020.01.29-15.37.47:078][  0]LogMemory: Physical Memory: 6183.50 MB used,  10079.34 MB free, 16262.84 MB total
[2020.01.29-15.37.47:078][  0]LogMemory: Virtual Memory: 5159.21 MB used,  134212568.00 MB free, 134217728.00 MB total
[2020.01.29-15.37.47:096][  0]LogWindows: WindowsPlatformFeatures enabled
[2020.01.29-15.37.47:384][  0]LogInit: Overriding language with editor language configuration option (en).
[2020.01.29-15.37.47:384][  0]LogInit: Overriding locale with editor locale configuration option (en).
[2020.01.29-15.37.47:635][  0]LogInit: Setting process to per monitor DPI aware
[2020.01.29-15.37.47:692][  0]LogSlate: New Slate User Created.  User Index 0, Is Virtual User: 0
[2020.01.29-15.37.47:692][  0]LogSlate: Slate User Registered.  User Index 0, Is Virtual User: 0
[2020.01.29-15.37.50:145][  0]LogHMD: Failed to initialize OpenVR with code 110
[2020.01.29-15.37.50:145][  0]LogD3D11RHI: D3D11 min allowed feature level: 11_0
[2020.01.29-15.37.50:145][  0]LogD3D11RHI: D3D11 max allowed feature level: 11_0
[2020.01.29-15.37.50:146][  0]LogD3D11RHI: D3D11 adapters:
[2020.01.29-15.37.50:207][  0]LogD3D11RHI:    0. 'NVIDIA GeForce GTX 1060' (Feature Level 11_0)
[2020.01.29-15.37.50:207][  0]LogD3D11RHI:       6052/0/8131 MB DedicatedVideo/DedicatedSystem/SharedSystem, Outputs:1, VendorId:0x10de
[2020.01.29-15.37.50:209][  0]LogD3D11RHI:    1. 'Microsoft Basic Render Driver' (Feature Level 11_0)
[2020.01.29-15.37.50:209][  0]LogD3D11RHI:       0/0/8131 MB DedicatedVideo/DedicatedSystem/SharedSystem, Outputs:0, VendorId:0x1414
[2020.01.29-15.37.50:209][  0]LogD3D11RHI: Chosen D3D11 Adapter: 0
[2020.01.29-15.37.50:217][  0]LogD3D11RHI: Creating new Direct3DDevice
[2020.01.29-15.37.50:218][  0]LogD3D11RHI:     GPU DeviceId: 0x1c60 (for the marketing name, search the web for "GPU Device Id")
[2020.01.29-15.37.50:218][  0]LogWindows: EnumDisplayDevices:
[2020.01.29-15.37.50:218][  0]LogWindows:    0. 'NVIDIA GeForce GTX 1060' (P:1 D:1)
[2020.01.29-15.37.50:218][  0]LogWindows:    1. 'NVIDIA GeForce GTX 1060' (P:0 D:0)
[2020.01.29-15.37.50:218][  0]LogWindows:    2. 'NVIDIA GeForce GTX 1060' (P:0 D:0)
[2020.01.29-15.37.50:219][  0]LogWindows:    3. 'NVIDIA GeForce GTX 1060' (P:0 D:0)
[2020.01.29-15.37.50:219][  0]LogWindows: DebugString: FoundDriverCount:4 
[2020.01.29-15.37.50:219][  0]LogD3D11RHI:     Adapter Name: NVIDIA GeForce GTX 1060
[2020.01.29-15.37.50:219][  0]LogD3D11RHI:   Driver Version: 430.86 (internal:26.21.14.3086, unified:430.86)
[2020.01.29-15.37.50:219][  0]LogD3D11RHI:      Driver Date: 5-22-2019
[2020.01.29-15.37.50:219][  0]LogRHI: Texture pool is 4236 MB (70% of 6052 MB)
[2020.01.29-15.37.50:258][  0]LogD3D11RHI: RHI has support for 64 bit atomics
[2020.01.29-15.37.50:258][  0]LogD3D11RHI: Async texture creation enabled
[2020.01.29-15.37.50:273][  0]LogD3D11RHI: GPU Timing Frequency: 1000.000000 (Debug: 2 1)
[2020.01.29-15.37.50:708][  0]LogTargetPlatformManager: Display: Loaded TargetPlatform 'AllDesktop'
[2020.01.29-15.37.50:756][  0]LogTargetPlatformManager: Display: Loaded TargetPlatform 'Android'
[2020.01.29-15.37.50:756][  0]LogTargetPlatformManager: Display: Loaded TargetPlatform 'Android_ASTC'
[2020.01.29-15.37.50:756][  0]LogTargetPlatformManager: Display: Loaded TargetPlatform 'Android_ATC'
[2020.01.29-15.37.50:756][  0]LogTargetPlatformManager: Display: Loaded TargetPlatform 'Android_DXT'
[2020.01.29-15.37.50:756][  0]LogTargetPlatformManager: Display: Loaded TargetPlatform 'Android_ETC1'
[2020.01.29-15.37.50:756][  0]LogTargetPlatformManager: Display: Loaded TargetPlatform 'Android_ETC1a'
[2020.01.29-15.37.50:756][  0]LogTargetPlatformManager: Display: Loaded TargetPlatform 'Android_ETC2'
[2020.01.29-15.37.50:756][  0]LogTargetPlatformManager: Display: Loaded TargetPlatform 'Android_PVRTC'
[2020.01.29-15.37.50:756][  0]LogTargetPlatformManager: Display: Loaded TargetPlatform 'AndroidClient'
[2020.01.29-15.37.50:756][  0]LogTargetPlatformManager: Display: Loaded TargetPlatform 'Android_ASTCClient'
[2020.01.29-15.37.50:756][  0]LogTargetPlatformManager: Display: Loaded TargetPlatform 'Android_ATCClient'
[2020.01.29-15.37.50:756][  0]LogTargetPlatformManager: Display: Loaded TargetPlatform 'Android_DXTClient'
[2020.01.29-15.37.50:756][  0]LogTargetPlatformManager: Display: Loaded TargetPlatform 'Android_ETC1Client'
[2020.01.29-15.37.50:756][  0]LogTargetPlatformManager: Display: Loaded TargetPlatform 'Android_ETC1aClient'
[2020.01.29-15.37.50:756][  0]LogTargetPlatformManager: Display: Loaded TargetPlatform 'Android_ETC2Client'
[2020.01.29-15.37.50:756][  0]LogTargetPlatformManager: Display: Loaded TargetPlatform 'Android_PVRTCClient'
[2020.01.29-15.37.50:756][  0]LogTargetPlatformManager: Display: Loaded TargetPlatform 'Android_Multi'
[2020.01.29-15.37.50:756][  0]LogTargetPlatformManager: Display: Loaded TargetPlatform 'Android_MultiClient'
[2020.01.29-15.37.50:820][  0]LogTargetPlatformManager: Display: Loaded TargetPlatform 'IOSClient'
[2020.01.29-15.37.50:820][  0]LogTargetPlatformManager: Display: Loaded TargetPlatform 'IOS'
[2020.01.29-15.37.50:841][  0]LogTargetPlatformManager: Display: Loaded TargetPlatform 'LinuxNoEditor'
[2020.01.29-15.37.50:859][  0]LogTargetPlatformManager: Display: Loaded TargetPlatform 'LinuxClient'
[2020.01.29-15.37.50:879][  0]LogTargetPlatformManager: Display: Loaded TargetPlatform 'LinuxServer'
[2020.01.29-15.37.50:898][  0]LogTargetPlatformManager: Display: Loaded TargetPlatform 'LinuxAArch64NoEditor'
[2020.01.29-15.37.50:917][  0]LogTargetPlatformManager: Display: Loaded TargetPlatform 'LinuxAArch64Client'
[2020.01.29-15.37.50:936][  0]LogTargetPlatformManager: Display: Loaded TargetPlatform 'LinuxAArch64Server'
[2020.01.29-15.37.50:976][  0]LogTargetPlatformManager: Display: Loaded TargetPlatform 'Lumin'
[2020.01.29-15.37.50:976][  0]LogTargetPlatformManager: Display: Loaded TargetPlatform 'LuminClient'
[2020.01.29-15.37.51:001][  0]LogTargetPlatformManager: Display: Loaded TargetPlatform 'TVOSClient'
[2020.01.29-15.37.51:001][  0]LogTargetPlatformManager: Display: Loaded TargetPlatform 'TVOS'
[2020.01.29-15.37.51:021][  0]LogTargetPlatformManager: Display: Loaded TargetPlatform 'WindowsNoEditor'
[2020.01.29-15.37.51:041][  0]LogTargetPlatformManager: Display: Loaded TargetPlatform 'Windows'
[2020.01.29-15.37.51:060][  0]LogTargetPlatformManager: Display: Loaded TargetPlatform 'WindowsClient'
[2020.01.29-15.37.51:081][  0]LogTargetPlatformManager: Display: Loaded TargetPlatform 'WindowsServer'
[2020.01.29-15.37.51:081][  0]LogTargetPlatformManager: Display: Building Assets For Windows
[2020.01.29-15.37.51:152][  0]LogAudioDebug: Display: Lib vorbis DLL was dynamically loaded.
[2020.01.29-15.37.51:493][  0]LogShaderCompilers: Guid format shader working directory is 2 characters bigger than the processId version (D:/MOTORS DE JOC_PRAC1/MotorsDeJoc_Prac1/P1/Intermediate/Shaders/WorkingDirectory/14712/).
[2020.01.29-15.37.51:494][  0]LogShaderCompilers: Cleaned the shader compiler working directory 'C:/Users/Gemma/AppData/Local/Temp/UnrealShaderWorkingDir/BFE950784A390A49DDAFA0A50ADC1988/'.
[2020.01.29-15.37.51:494][  0]LogXGEController: Cleaning working directory: C:/Users/Gemma/AppData/Local/Temp/UnrealXGEWorkingDir/
[2020.01.29-15.37.51:495][  0]LogXGEController: Cannot use XGE Controller as Incredibuild is not installed on this machine.
[2020.01.29-15.37.51:495][  0]LogShaderCompilers: Cannot use XGE Shader Compiler as Incredibuild is not installed on this machine.
[2020.01.29-15.37.51:495][  0]LogShaderCompilers: Display: Using Local Shader Compiler.
[2020.01.29-15.37.52:407][  0]LogDerivedDataCache: Display: Max Cache Size: 512 MB
[2020.01.29-15.37.52:682][  0]LogDerivedDataCache: Loaded boot cache 0.28s 78MB C:/Users/Gemma/AppData/Local/UnrealEngine/4.24/DerivedDataCache/Boot.ddc.
[2020.01.29-15.37.52:683][  0]LogDerivedDataCache: Display: Loaded Boot cache: C:/Users/Gemma/AppData/Local/UnrealEngine/4.24/DerivedDataCache/Boot.ddc
[2020.01.29-15.37.52:683][  0]LogDerivedDataCache: FDerivedDataBackendGraph:  Pak pak cache file D:/MOTORS DE JOC_PRAC1/MotorsDeJoc_Prac1/P1/DerivedDataCache/DDC.ddp not found, will not use a pak cache.
[2020.01.29-15.37.52:683][  0]LogDerivedDataCache: Unable to find inner node Pak for hierarchical cache Hierarchy.
[2020.01.29-15.37.52:683][  0]LogDerivedDataCache: FDerivedDataBackendGraph:  CompressedPak pak cache file D:/MOTORS DE JOC_PRAC1/MotorsDeJoc_Prac1/P1/DerivedDataCache/Compressed.ddp not found, will not use a pak cache.
[2020.01.29-15.37.52:683][  0]LogDerivedDataCache: Unable to find inner node CompressedPak for hierarchical cache Hierarchy.
[2020.01.29-15.37.52:698][  0]LogDerivedDataCache: Display: Pak cache opened for reading ../../../Engine/DerivedDataCache/Compressed.ddp.
[2020.01.29-15.37.52:698][  0]LogDerivedDataCache: FDerivedDataBackendGraph:  EnterprisePak pak cache file ../../../Enterprise/DerivedDataCache/Compressed.ddp not found, will not use a pak cache.
[2020.01.29-15.37.52:698][  0]LogDerivedDataCache: Unable to find inner node EnterprisePak for hierarchical cache Hierarchy.
[2020.01.29-15.37.52:699][  0]LogDerivedDataCache: Using Local data cache path C:/Users/Gemma/AppData/Local/UnrealEngine/Common/DerivedDataCache: Writable
[2020.01.29-15.37.52:699][  0]LogDerivedDataCache: Shared data cache path not found in *engine.ini, will not use an Shared cache.
[2020.01.29-15.37.52:699][  0]LogDerivedDataCache: Unable to find inner node Shared for hierarchical cache Hierarchy.
[2020.01.29-15.37.52:722][  0]LogMaterial: Verifying Global Shaders for PCD3D_SM5
[2020.01.29-15.37.52:726][  0]LogSlate: Using FreeType 2.10.0
[2020.01.29-15.37.52:738][  0]LogSlate: SlateFontServices - WITH_FREETYPE: 1, WITH_HARFBUZZ: 1
[2020.01.29-15.37.52:994][  0]LogAssetRegistry: FAssetRegistry took 0.0023 seconds to start up
[2020.01.29-15.37.53:313][  0]LogInit: Selected Device Profile: [Windows]
[2020.01.29-15.37.53:747][  0]LogMeshReduction: Using QuadricMeshReduction for automatic static mesh reduction
[2020.01.29-15.37.53:747][  0]LogMeshReduction: Using SimplygonMeshReduction for automatic skeletal mesh reduction
[2020.01.29-15.37.53:747][  0]LogMeshReduction: Using ProxyLODMeshReduction for automatic mesh merging
[2020.01.29-15.37.53:747][  0]LogMeshReduction: No distributed automatic mesh merging module available
[2020.01.29-15.37.53:747][  0]LogMeshMerging: No distributed automatic mesh merging module available
[2020.01.29-15.37.53:787][  0]LogNetVersion: P1 1.0.0, NetCL: 10570792, EngineNetVer: 13, GameNetVer: 0 (Checksum: 3119126123)
[2020.01.29-15.37.57:177][  0]LogPackageLocalizationCache: Processed 10 localized package path(s) for 1 prioritized culture(s) in 0.054533 seconds
[2020.01.29-15.37.57:184][  0]LogUObjectArray: 46750 objects as part of root set at end of initial load.
[2020.01.29-15.37.57:184][  0]LogUObjectAllocator: 8137160 out of 0 bytes used by permanent object pool.
[2020.01.29-15.37.57:184][  0]LogUObjectArray: CloseDisregardForGC: 0/0 objects in disregard for GC pool
[2020.01.29-15.37.58:792][  0]LogTcpMessaging: Initializing TcpMessaging bridge
[2020.01.29-15.37.58:809][  0]LogUdpMessaging: Initializing bridge on interface 0.0.0.0:0 to multicast group 230.0.0.1:6666.
[2020.01.29-15.37.59:100][  0]SourceControl: Source control is disabled
[2020.01.29-15.37.59:101][  0]SourceControl: Source control is disabled
[2020.01.29-15.37.59:133][  0]SourceControl: Source control is disabled
[2020.01.29-15.37.59:149][  0]SourceControl: Source control is disabled
[2020.01.29-15.37.59:164][  0]SourceControl: Source control is disabled
[2020.01.29-15.37.59:796][  0]LogAndroidPermission: UAndroidPermissionCallbackProxy::GetInstance
[2020.01.29-15.37.59:883][  0]LogAudioCaptureCore: Display: No Audio Capture implementations found. Audio input will be silent.
[2020.01.29-15.37.59:883][  0]LogAudioCaptureCore: Display: No Audio Capture implementations found. Audio input will be silent.
[2020.01.29-15.38.00:119][  0]LogOcInput: OculusInput pre-init called
[2020.01.29-15.38.00:156][  0]LogWindows: Failed to load 'OVRPlugin.dll' (GetLastError=126)
[2020.01.29-15.38.00:156][  0]LogWindows: File 'OVRPlugin.dll' does not exist
[2020.01.29-15.38.00:316][  0]LogEngine: Initializing Engine...
[2020.01.29-15.38.00:318][  0]LogHMD: Failed to initialize OpenVR with code 110
[2020.01.29-15.38.00:319][  0]LogStats: UGameplayTagsManager::InitializeManager -  0.000 s
[2020.01.29-15.38.00:750][  0]LogInit: Initializing FReadOnlyCVARCache
[2020.01.29-15.38.00:778][  0]LogAIModule: Creating AISystem for world Untitled
[2020.01.29-15.38.00:798][  0]LogAudioMixer: Display: Audio Mixer Platform Settings:
[2020.01.29-15.38.00:798][  0]LogAudioMixer: Display: 	Sample Rate:						  48000
[2020.01.29-15.38.00:798][  0]LogAudioMixer: Display: 	Callback Buffer Frame Size Requested: 1024
[2020.01.29-15.38.00:798][  0]LogAudioMixer: Display: 	Callback Buffer Frame Size To Use:	  1024
[2020.01.29-15.38.00:798][  0]LogAudioMixer: Display: 	Number of buffers to queue:			  2
[2020.01.29-15.38.00:798][  0]LogAudioMixer: Display: 	Max Channels (voices):				  32
[2020.01.29-15.38.00:798][  0]LogAudioMixer: Display: 	Number of Async Source Workers:		  0
[2020.01.29-15.38.00:798][  0]LogAudio: Display: AudioDevice MaxSources: 32
[2020.01.29-15.38.00:798][  0]LogAudio: Display: Using built-in audio occlusion.
[2020.01.29-15.38.00:798][  0]LogAudioMixer: Display: Initializing audio mixer.
[2020.01.29-15.38.00:825][  0]LogAudioMixer: Display: Audio Device Output Speaker Info:
[2020.01.29-15.38.00:825][  0]LogAudioMixer: Display: Name: Speaker / Headphone (Realtek(R) Audio)
[2020.01.29-15.38.00:825][  0]LogAudioMixer: Display: Is Default: Yes
[2020.01.29-15.38.00:825][  0]LogAudioMixer: Display: Sample Rate: 48000
[2020.01.29-15.38.00:825][  0]LogAudioMixer: Display: Channel Count Used: 2
[2020.01.29-15.38.00:825][  0]LogAudioMixer: Display: Device Channel Count: 2
[2020.01.29-15.38.00:825][  0]LogAudioMixer: Display: Channel Order:
[2020.01.29-15.38.00:825][  0]LogAudioMixer: Display: 0: FrontLeft
[2020.01.29-15.38.00:825][  0]LogAudioMixer: Display: 1: FrontRight
[2020.01.29-15.38.01:670][  0]LogAudioMixer: Display: Using Audio Device Speaker / Headphone (Realtek(R) Audio)
[2020.01.29-15.38.01:672][  0]LogInit: FAudioDevice initialized.
[2020.01.29-15.38.01:672][  0]LogNetVersion: Set ProjectVersion to 1.0.0.0. Version Checksum will be recalculated on next use.
[2020.01.29-15.38.01:808][  0]LogDerivedDataCache: Saved boot cache 0.14s 78MB C:/Users/Gemma/AppData/Local/UnrealEngine/4.24/DerivedDataCache/Boot.ddc.
[2020.01.29-15.38.01:808][  0]LogInit: Texture streaming: Enabled
[2020.01.29-15.38.01:870][  0]LogEngineSessionManager: EngineSessionManager initialized
[2020.01.29-15.38.01:870][  0]LogEditorSessionSummary: Verbose: Initializing EditorSessionSummaryWriter for editor session tracking
[2020.01.29-15.38.01:876][  0]LogEditorSessionSummary: EditorSessionSummaryWriter initialized
[2020.01.29-15.38.01:936][  0]LogInit: Transaction tracking system initialized
[2020.01.29-15.38.02:033][  0]BlueprintLog: New page: Editor Load
[2020.01.29-15.38.02:367][  0]LocalizationService: Localization service is disabled
[2020.01.29-15.38.03:033][  0]LogFileCache: Scanning file cache for directory 'D:/MOTORS DE JOC_PRAC1/MotorsDeJoc_Prac1/P1/Content/' took 0.00s
[2020.01.29-15.38.03:033][  0]LogCook: Display: Max memory allowance for cook 16384mb min free memory 0mb
[2020.01.29-15.38.03:033][  0]LogCook: Display: Mobile HDR setting 1
[2020.01.29-15.38.04:447][  0]SourceControl: Source control is disabled
[2020.01.29-15.38.04:447][  0]Cmd: MAP LOAD FILE="D:/MOTORS DE JOC_PRAC1/MotorsDeJoc_Prac1/P1/Content/ThirdPersonBP/Maps/ThirdPersonExampleMap.umap" TEMPLATE=0 SHOWPROGRESS=1 FEATURELEVEL=3
[2020.01.29-15.38.04:447][  0]LightingResults: New page: Lighting Build
[2020.01.29-15.38.04:450][  0]LogWorld: UWorld::CleanupWorld for Untitled, bSessionEnded=true, bCleanupResources=true
[2020.01.29-15.38.04:450][  0]LogSlate: InvalidateAllWidgets triggered.  All widgets were invalidated
[2020.01.29-15.38.04:450][  0]MapCheck: New page: Map Check
[2020.01.29-15.38.04:450][  0]LightingResults: New page: Lighting Build
[2020.01.29-15.38.04:479][  0]LogUObjectHash: Compacting FUObjectHashTables data took   1.81ms
[2020.01.29-15.38.06:027][  0]LogLinker: Warning: While loading 'D:/MOTORS DE JOC_PRAC1/MotorsDeJoc_Prac1/P1/Content/ThirdPersonBP/Maps/ThirdPersonExampleMap.umap' failed to load '/Game/ThirdPersonBP/Materials/deco_LayerInfo': Can't find file.
[2020.01.29-15.38.06:027][  0]LogLinker: Warning: While loading 'D:/MOTORS DE JOC_PRAC1/MotorsDeJoc_Prac1/P1/Content/ThirdPersonBP/Maps/ThirdPersonExampleMap.umap' failed to load '/Game/ThirdPersonBP/Materials/deco_LayerInfo': Can't find file.
[2020.01.29-15.38.06:234][  0]LogLinker: Warning: While loading 'D:/MOTORS DE JOC_PRAC1/MotorsDeJoc_Prac1/P1/Content/ThirdPersonBP/Materials/LandscapeMaterial.uasset' failed to load '/Game/ThirdPersonBP/Materials/flor': Can't find file.
[2020.01.29-15.38.06:234][  0]LogLinker: Warning: While loading 'D:/MOTORS DE JOC_PRAC1/MotorsDeJoc_Prac1/P1/Content/ThirdPersonBP/Materials/LandscapeMaterial.uasset' failed to load '/Game/ThirdPersonBP/Materials/flor': Can't find file.
[2020.01.29-15.38.06:285][  0]LogLinker: Warning: While loading 'D:/MOTORS DE JOC_PRAC1/MotorsDeJoc_Prac1/P1/Content/ThirdPersonBP/Materials/LandscapeMaterial.uasset' failed to load '/Game/ThirdPersonBP/Materials/flor': Can't find file.
[2020.01.29-15.38.06:285][  0]LogLinker: Warning: While loading 'D:/MOTORS DE JOC_PRAC1/MotorsDeJoc_Prac1/P1/Content/ThirdPersonBP/Materials/LandscapeMaterial.uasset' failed to load '/Game/ThirdPersonBP/Materials/flor': Can't find file.
[2020.01.29-15.38.06:966][  0]LogLinker: Warning: While loading 'D:/MOTORS DE JOC_PRAC1/MotorsDeJoc_Prac1/P1/Content/ThirdPersonBP/Maps/ThirdPersonExampleMap.umap' failed to load '/Game/Meshes/stairs': Can't find file.
[2020.01.29-15.38.06:966][  0]LogLinker: Warning: While loading 'D:/MOTORS DE JOC_PRAC1/MotorsDeJoc_Prac1/P1/Content/ThirdPersonBP/Maps/ThirdPersonExampleMap.umap' failed to load '/Game/Meshes/stairs': Can't find file.
[2020.01.29-15.38.07:085][  0]LogLinker: Warning: While loading 'D:/MOTORS DE JOC_PRAC1/MotorsDeJoc_Prac1/P1/Content/ThirdPersonBP/Maps/ThirdPersonExampleMap.umap' failed to load '/Game/ThirdPersonBP/Materials/deco_LayerInfo': Can't find file.
[2020.01.29-15.38.07:085][  0]LogLinker: Warning: While loading 'D:/MOTORS DE JOC_PRAC1/MotorsDeJoc_Prac1/P1/Content/ThirdPersonBP/Maps/ThirdPersonExampleMap.umap' failed to load '/Game/ThirdPersonBP/Materials/deco_LayerInfo': Can't find file.
[2020.01.29-15.38.07:086][  0]LogLinker: Warning: While loading 'D:/MOTORS DE JOC_PRAC1/MotorsDeJoc_Prac1/P1/Content/ThirdPersonBP/Maps/ThirdPersonExampleMap.umap' failed to load '/Game/Meshes/stairs': Can't find file.
[2020.01.29-15.38.07:087][  0]LogLinker: Warning: While loading 'D:/MOTORS DE JOC_PRAC1/MotorsDeJoc_Prac1/P1/Content/ThirdPersonBP/Maps/ThirdPersonExampleMap.umap' failed to load '/Game/Meshes/stairs': Can't find file.
[2020.01.29-15.38.07:087][  0]LogLinker: Warning: Failed to load '/Game/ThirdPersonBP/Materials/deco_LayerInfo': Can't find file.
[2020.01.29-15.38.07:087][  0]LogLinker: Warning: Failed to load '/Game/ThirdPersonBP/Materials/deco_LayerInfo': Can't find file.
[2020.01.29-15.38.07:087][  0]LogLinker: Warning: Failed to load '/Game/Meshes/stairs': Can't find file.
[2020.01.29-15.38.07:088][  0]LogLinker: Warning: Failed to load '/Game/Meshes/stairs': Can't find file.
[2020.01.29-15.38.07:088][  0]LogLinker: Warning: Failed to load '/Game/ThirdPersonBP/Materials/deco_LayerInfo': Can't find file.
[2020.01.29-15.38.07:088][  0]LogLinker: Warning: Failed to load '/Game/ThirdPersonBP/Materials/deco_LayerInfo': Can't find file.
[2020.01.29-15.38.07:088][  0]LogLinker: Warning: Failed to load '/Game/Meshes/stairs': Can't find file.
[2020.01.29-15.38.07:088][  0]LogLinker: Warning: Failed to load '/Game/Meshes/stairs': Can't find file.
[2020.01.29-15.38.07:232][  0]LogLinker: Warning: While loading 'D:/MOTORS DE JOC_PRAC1/MotorsDeJoc_Prac1/P1/Content/ThirdPersonBP/Maps/ThirdPersonExampleMap.umap' failed to load '/Game/ThirdPersonBP/Materials/deco_LayerInfo': Can't find file.
[2020.01.29-15.38.07:233][  0]LoadErrors: Failed to load /Game/ThirdPersonBP/Materials/deco_LayerInfo.deco_LayerInfo Referenced by Landscape_0
[2020.01.29-15.38.07:233][  0]LogLinker: Warning: While loading 'D:/MOTORS DE JOC_PRAC1/MotorsDeJoc_Prac1/P1/Content/ThirdPersonBP/Maps/ThirdPersonExampleMap.umap' failed to load '/Game/ThirdPersonBP/Materials/deco_LayerInfo': Can't find file.
[2020.01.29-15.38.07:233][  0]LoadErrors: Failed to load /Game/ThirdPersonBP/Materials/deco_LayerInfo.deco_LayerInfo Referenced by Landscape_0
[2020.01.29-15.38.07:277][  0]LogLinker: Warning: While loading 'D:/MOTORS DE JOC_PRAC1/MotorsDeJoc_Prac1/P1/Content/ThirdPersonBP/Maps/ThirdPersonExampleMap.umap' failed to load '/Game/Meshes/stairs': Can't find file.
[2020.01.29-15.38.07:277][  0]LoadErrors: Failed to load /Game/Meshes/stairs.stairs Referenced by StaticMeshComponent0
[2020.01.29-15.38.07:277][  0]LogLinker: Warning: While loading 'D:/MOTORS DE JOC_PRAC1/MotorsDeJoc_Prac1/P1/Content/ThirdPersonBP/Maps/ThirdPersonExampleMap.umap' failed to load '/Game/Meshes/stairs': Can't find file.
[2020.01.29-15.38.07:277][  0]LoadErrors: Failed to load /Game/Meshes/stairs.stairs Referenced by StaticMeshComponent0
[2020.01.29-15.38.07:334][  0]LogLinker: Warning: While loading 'D:/MOTORS DE JOC_PRAC1/MotorsDeJoc_Prac1/P1/Content/ThirdPersonBP/Materials/LandscapeMaterial.uasset' failed to load '/Game/ThirdPersonBP/Materials/flor': Can't find file.
[2020.01.29-15.38.07:334][  0]LoadErrors: Failed to load /Game/ThirdPersonBP/Materials/flor.flor Referenced by MaterialExpressionTextureSample_2
[2020.01.29-15.38.07:334][  0]LogLinker: Warning: While loading 'D:/MOTORS DE JOC_PRAC1/MotorsDeJoc_Prac1/P1/Content/ThirdPersonBP/Materials/LandscapeMaterial.uasset' failed to load '/Game/ThirdPersonBP/Materials/flor': Can't find file.
[2020.01.29-15.38.07:334][  0]LoadErrors: Failed to load /Game/ThirdPersonBP/Materials/flor.flor Referenced by MaterialExpressionTextureSample_2
[2020.01.29-15.38.07:676][  0]LogMaterial: Display: Missing cached shader map for material LandscapeMaterial, compiling. 
[2020.01.29-15.38.07:677][  0]LogMaterial: Warning: D:\MOTORS DE JOC_PRAC1\MotorsDeJoc_Prac1\P1\Content\ThirdPersonBP\Materials\LandscapeMaterial.uasset: Failed to compile Material for platform PCD3D_SM5, Default Material will be used in game.
[2020.01.29-15.38.07:677][  0]LogMaterial: Display: 	(Node TextureSample) Texture Sample> Missing input texture
[2020.01.29-15.38.07:681][  0]LogMaterial: Display: Missing cached shader map for material LandscapeMaterial, compiling. 
[2020.01.29-15.38.07:732][  0]LogShaderCompilers: Display: Worker (1/9): shaders left to compile 28
[2020.01.29-15.38.07:732][  0]LogShaderCompilers: Display: Worker (2/9): shaders left to compile 24
[2020.01.29-15.38.07:732][  0]LogShaderCompilers: Display: Worker (3/9): shaders left to compile 20
[2020.01.29-15.38.07:732][  0]LogShaderCompilers: Display: Worker (4/9): shaders left to compile 16
[2020.01.29-15.38.07:732][  0]LogShaderCompilers: Display: Worker (5/9): shaders left to compile 12
[2020.01.29-15.38.07:732][  0]LogShaderCompilers: Display: Worker (6/9): shaders left to compile 8
[2020.01.29-15.38.07:732][  0]LogShaderCompilers: Display: Worker (7/9): shaders left to compile 4
[2020.01.29-15.38.07:732][  0]LogMaterial: Display: Missing cached shader map for material LandscapeMaterial, compiling. 
[2020.01.29-15.38.08:066][  0]LogShaderCompilers: Display: Worker (8/9): shaders left to compile 28
[2020.01.29-15.38.08:066][  0]LogShaderCompilers: Display: Worker (9/9): shaders left to compile 24
[2020.01.29-15.38.08:066][  0]LogAIModule: Creating AISystem for world ThirdPersonExampleMap
[2020.01.29-15.38.08:147][  0]LogEditorServer: Finished looking for orphan Actors (0.000 secs)
[2020.01.29-15.38.08:200][  0]LogUObjectHash: Compacting FUObjectHashTables data took   8.25ms
[2020.01.29-15.38.08:204][  0]Cmd: MAP CHECKDEP NOCLEARLOG
[2020.01.29-15.38.08:205][  0]MapCheck: Map check complete: 0 Error(s), 0 Warning(s), took 0.781ms to complete.
[2020.01.29-15.38.08:205][  0]LogFileHelpers: Loading map 'ThirdPersonExampleMap' took 3.759
[2020.01.29-15.38.08:512][  0]LogCollectionManager: Loaded 0 collections in 0.003420 seconds
[2020.01.29-15.38.08:549][  0]LogFileCache: Scanning file cache for directory 'D:/MOTORS DE JOC_PRAC1/MotorsDeJoc_Prac1/P1/Saved/Collections/' took 0.00s
[2020.01.29-15.38.08:549][  0]LogFileCache: Scanning file cache for directory 'D:/MOTORS DE JOC_PRAC1/MotorsDeJoc_Prac1/P1/Content/Developers/Gemma/Collections/' took 0.00s
[2020.01.29-15.38.08:549][  0]LogFileCache: Scanning file cache for directory 'D:/MOTORS DE JOC_PRAC1/MotorsDeJoc_Prac1/P1/Content/Collections/' took 0.00s
[2020.01.29-15.38.08:549][  0]LogContentBrowser: Native class hierarchy populated in 0.0178 seconds. Added 3017 classes and 720 folders.
[2020.01.29-15.38.08:566][  0]LogContentBrowser: Native class hierarchy updated for 'WidgetCarousel' in 0.0006 seconds. Added 0 classes and 0 folders.
[2020.01.29-15.38.09:366][  0]LogContentBrowser: Native class hierarchy updated for 'AddContentDialog' in 0.0008 seconds. Added 0 classes and 0 folders.
[2020.01.29-15.38.09:445][  0]LogSlate: Updating window title bar state: overlay mode, drag disabled, window buttons hidden, title bar hidden
[2020.01.29-15.38.09:464][  0]LogSlate: Updating window title bar state: overlay mode, drag disabled, window buttons hidden, title bar hidden
[2020.01.29-15.38.09:482][  0]LogSlate: Updating window title bar state: overlay mode, drag disabled, window buttons hidden, title bar hidden
[2020.01.29-15.38.09:498][  0]LogSlate: Updating window title bar state: overlay mode, drag disabled, window buttons hidden, title bar hidden
[2020.01.29-15.38.09:829][  0]LogSlate: Took 0.011713 seconds to synchronously load lazily loaded font '../../../Engine/Content/Slate/Fonts/Roboto-Regular.ttf' (155K)
[2020.01.29-15.38.09:844][  0]LogSlate: Took 0.010932 seconds to synchronously load lazily loaded font '../../../Engine/Content/Editor/Slate/Fonts/FontAwesome.ttf' (139K)
[2020.01.29-15.38.09:857][  0]LogSlate: Took 0.012052 seconds to synchronously load lazily loaded font '../../../Engine/Content/Slate/Fonts/Roboto-Bold.ttf' (160K)
[2020.01.29-15.38.10:069][  0]LogRenderer: Reallocating scene render targets to support 812x704 Format 10 NumSamples 1 (Frame:1).
[2020.01.29-15.38.10:358][  0]LogContentBrowser: Native class hierarchy updated for 'HierarchicalLODOutliner' in 0.0009 seconds. Added 0 classes and 0 folders.
[2020.01.29-15.38.10:358][  0]LogLoad: (Engine Initialization) Total time: 29.48 seconds
[2020.01.29-15.38.10:359][  0]LogLoad: (Engine Initialization) Total Blueprint compile time: 0.00 seconds
[2020.01.29-15.38.10:445][  0]LogContentStreaming: Texture pool size now 1000 MB
[2020.01.29-15.38.10:471][  0]LogShaderCompilers: Display: Worker (4/9): shaders left to compile 20
[2020.01.29-15.38.10:576][  0]LogSlate: Took 0.001486 seconds to synchronously load lazily loaded font '../../../Engine/Content/Slate/Fonts/Roboto-Light.ttf' (167K)
[2020.01.29-15.38.10:865][  4]LogShaderCompilers: Display: Worker (7/9): shaders left to compile 17
[2020.01.29-15.38.10:866][  4]LogShaderCompilers: Display: Worker (8/9): shaders left to compile 14
[2020.01.29-15.38.10:940][  5]LogShaderCompilers: Display: Worker (1/9): shaders left to compile 12
[2020.01.29-15.38.11:015][  6]LogShaderCompilers: Display: Worker (2/9): shaders left to compile 10
[2020.01.29-15.38.11:462][ 12]LogShaderCompilers: Display: Worker (3/9): shaders left to compile 8
[2020.01.29-15.38.11:462][ 12]LogShaderCompilers: Display: Worker (5/9): shaders left to compile 6
[2020.01.29-15.38.11:681][ 13]LogShaderCompilers: Display: Worker (6/9): shaders left to compile 5
[2020.01.29-15.38.11:681][ 13]LogShaderCompilers: Display: Worker (8/9): shaders left to compile 4
[2020.01.29-15.38.12:123][ 18]LogAssetRegistry: Asset discovery search completed in 19.1304 seconds
[2020.01.29-15.38.12:137][ 18]LogCollectionManager: Fixed up redirectors for 0 collections in 0.000055 seconds (updated 0 objects)
[2020.01.29-15.38.12:278][ 21]LogShaderCompilers: Display: Worker (8/9): shaders left to compile 3
[2020.01.29-15.38.12:399][ 26]LogShaderCompilers: Display: Worker (5/9): shaders left to compile 2
[2020.01.29-15.38.12:562][ 33]LogShaderCompilers: Display: Worker (2/9): shaders left to compile 1
